{"name": "Ð¡heck that search by ISBN return the correct results", "status": "broken", "statusDetails": {"message": "selenium.common.exceptions.NoSuchElementException: Message: no such element: Unable to locate element: {\"method\":\"css selector\",\"selector\":\"div.small-meta > div:nth-child(2)\"}\n  (Session info: chrome=74.0.3729.157)\n  (Driver info: chromedriver=74.0.3729.169 (78e4f8db3ce38f6c26cf56eed7ae9b331fc67ada-refs/branch-heads/3729@{#1013}),platform=Linux 4.15.0-51-generic x86_64)\n\n", "trace": "  File \"/home/ekikahina/PycharmProjects/behave/venv/lib/python3.6/site-packages/behave/model.py\", line 1329, in run\n    match.run(runner.context)\n  File \"/home/ekikahina/PycharmProjects/behave/venv/lib/python3.6/site-packages/behave/matchers.py\", line 98, in run\n    self.func(context, *args, **kwargs)\n  File \"features/steps/HomePageSteps.py\", line 55, in step\n    resultt = BookPage(context).get_find_isbn(\"9781508139799\")\n  File \"/home/ekikahina/PycharmProjects/behave/features/pageobjects/BookPage.py\", line 18, in get_find_isbn\n    self.find_element(*self.locator_dictionary['book_info']).click(text)\n  File \"/home/ekikahina/PycharmProjects/behave/features/pageobjects/BasePage.py\", line 20, in find_element\n    return self.browser.find_element(*loc)\n  File \"/home/ekikahina/PycharmProjects/behave/venv/lib/python3.6/site-packages/selenium/webdriver/remote/webdriver.py\", line 978, in find_element\n    'value': value})['value']\n  File \"/home/ekikahina/PycharmProjects/behave/venv/lib/python3.6/site-packages/selenium/webdriver/remote/webdriver.py\", line 321, in execute\n    self.error_handler.check_response(response)\n  File \"/home/ekikahina/PycharmProjects/behave/venv/lib/python3.6/site-packages/selenium/webdriver/remote/errorhandler.py\", line 242, in check_response\n    raise exception_class(message, screen, stacktrace)\n"}, "steps": [{"name": "Given I open the website", "status": "passed", "start": 1560399971837, "stop": 1560399980978}, {"name": "When I enter ISBN '9781508139799' in search field", "status": "passed", "start": 1560399980980, "stop": 1560399981114}, {"name": "Then I push search button", "status": "passed", "start": 1560399981114, "stop": 1560399984564}, {"name": "Then I click on finding book", "status": "passed", "start": 1560399984565, "stop": 1560399984680}, {"name": "Then on finding book page I see book with ISBN '9781508139799'", "status": "broken", "statusDetails": {"message": "selenium.common.exceptions.NoSuchElementException: Message: no such element: Unable to locate element: {\"method\":\"css selector\",\"selector\":\"div.small-meta > div:nth-child(2)\"}\n  (Session info: chrome=74.0.3729.157)\n  (Driver info: chromedriver=74.0.3729.169 (78e4f8db3ce38f6c26cf56eed7ae9b331fc67ada-refs/branch-heads/3729@{#1013}),platform=Linux 4.15.0-51-generic x86_64)\n\n", "trace": "  File \"/home/ekikahina/PycharmProjects/behave/venv/lib/python3.6/site-packages/behave/model.py\", line 1329, in run\n    match.run(runner.context)\n  File \"/home/ekikahina/PycharmProjects/behave/venv/lib/python3.6/site-packages/behave/matchers.py\", line 98, in run\n    self.func(context, *args, **kwargs)\n  File \"features/steps/HomePageSteps.py\", line 55, in step\n    resultt = BookPage(context).get_find_isbn(\"9781508139799\")\n  File \"/home/ekikahina/PycharmProjects/behave/features/pageobjects/BookPage.py\", line 18, in get_find_isbn\n    self.find_element(*self.locator_dictionary['book_info']).click(text)\n  File \"/home/ekikahina/PycharmProjects/behave/features/pageobjects/BasePage.py\", line 20, in find_element\n    return self.browser.find_element(*loc)\n  File \"/home/ekikahina/PycharmProjects/behave/venv/lib/python3.6/site-packages/selenium/webdriver/remote/webdriver.py\", line 978, in find_element\n    'value': value})['value']\n  File \"/home/ekikahina/PycharmProjects/behave/venv/lib/python3.6/site-packages/selenium/webdriver/remote/webdriver.py\", line 321, in execute\n    self.error_handler.check_response(response)\n  File \"/home/ekikahina/PycharmProjects/behave/venv/lib/python3.6/site-packages/selenium/webdriver/remote/errorhandler.py\", line 242, in check_response\n    raise exception_class(message, screen, stacktrace)\n"}, "start": 1560399984681, "stop": 1560399984777}], "start": 1560399970099, "stop": 1560399984778, "uuid": "5079accf-bc34-4bab-9be2-5fd69f22839e", "historyId": "2b68f640cf24111da7dcd4fbee84c2d1", "labels": [{"name": "severity", "value": "normal"}, {"name": "feature", "value": "HomePage - Search"}, {"name": "framework", "value": "behave"}, {"name": "language", "value": "cpython3"}]}