{"start": 1560229004324, "uuid": "8272f21d-1a4c-45ce-b9ff-39a4a9114cb4", "historyId": "2b68f640cf24111da7dcd4fbee84c2d1", "steps": [{"start": 1560229006062, "name": "Given I open the website", "stop": 1560229012935, "status": "passed"}, {"start": 1560229012936, "name": "When I enter ISBN '9781508139799' in search field", "stop": 1560229013059, "status": "passed"}, {"start": 1560229013059, "name": "Then I push search button", "stop": 1560229016509, "status": "passed"}, {"start": 1560229016510, "name": "Then I click on finding book", "stop": 1560229016626, "status": "passed"}, {"start": 1560229016627, "name": "Then on finding book page I see book with ISBN '9781508139799'", "stop": 1560229016705, "statusDetails": {"message": "selenium.common.exceptions.NoSuchElementException: Message: no such element: Unable to locate element: {\"method\":\"css selector\",\"selector\":\"div.small-meta > div:nth-child(2)\"}\n  (Session info: chrome=74.0.3729.157)\n  (Driver info: chromedriver=74.0.3729.169 (78e4f8db3ce38f6c26cf56eed7ae9b331fc67ada-refs/branch-heads/3729@{#1013}),platform=Linux 4.15.0-51-generic x86_64)\n\n", "trace": "  File \"/home/ekikahina/.local/lib/python3.5/site-packages/behave/model.py\", line 1329, in run\n    match.run(runner.context)\n  File \"/home/ekikahina/.local/lib/python3.5/site-packages/behave/matchers.py\", line 98, in run\n    self.func(context, *args, **kwargs)\n  File \"features/steps/HomePageSteps.py\", line 55, in step\n    resultt = BookPage(context).get_find_isbn(\"9781508139799\")\n  File \"/home/ekikahina/PycharmProjects/behave/features/pageobjects/BookPage.py\", line 18, in get_find_isbn\n    self.find_element(*self.locator_dictionary['book_info']).click(text)\n  File \"/home/ekikahina/PycharmProjects/behave/features/pageobjects/BasePage.py\", line 20, in find_element\n    return self.browser.find_element(*loc)\n  File \"/home/ekikahina/.local/lib/python3.5/site-packages/selenium/webdriver/remote/webdriver.py\", line 978, in find_element\n    'value': value})['value']\n  File \"/home/ekikahina/.local/lib/python3.5/site-packages/selenium/webdriver/remote/webdriver.py\", line 321, in execute\n    self.error_handler.check_response(response)\n  File \"/home/ekikahina/.local/lib/python3.5/site-packages/selenium/webdriver/remote/errorhandler.py\", line 242, in check_response\n    raise exception_class(message, screen, stacktrace)\n"}, "status": "broken"}], "labels": [{"value": "normal", "name": "severity"}, {"value": "HomePage - Search", "name": "feature"}, {"value": "behave", "name": "framework"}, {"value": "cpython3", "name": "language"}], "name": "Ð¡heck that search by ISBN return the correct results", "status": "broken", "stop": 1560229016705, "statusDetails": {"message": "selenium.common.exceptions.NoSuchElementException: Message: no such element: Unable to locate element: {\"method\":\"css selector\",\"selector\":\"div.small-meta > div:nth-child(2)\"}\n  (Session info: chrome=74.0.3729.157)\n  (Driver info: chromedriver=74.0.3729.169 (78e4f8db3ce38f6c26cf56eed7ae9b331fc67ada-refs/branch-heads/3729@{#1013}),platform=Linux 4.15.0-51-generic x86_64)\n\n", "trace": "  File \"/home/ekikahina/.local/lib/python3.5/site-packages/behave/model.py\", line 1329, in run\n    match.run(runner.context)\n  File \"/home/ekikahina/.local/lib/python3.5/site-packages/behave/matchers.py\", line 98, in run\n    self.func(context, *args, **kwargs)\n  File \"features/steps/HomePageSteps.py\", line 55, in step\n    resultt = BookPage(context).get_find_isbn(\"9781508139799\")\n  File \"/home/ekikahina/PycharmProjects/behave/features/pageobjects/BookPage.py\", line 18, in get_find_isbn\n    self.find_element(*self.locator_dictionary['book_info']).click(text)\n  File \"/home/ekikahina/PycharmProjects/behave/features/pageobjects/BasePage.py\", line 20, in find_element\n    return self.browser.find_element(*loc)\n  File \"/home/ekikahina/.local/lib/python3.5/site-packages/selenium/webdriver/remote/webdriver.py\", line 978, in find_element\n    'value': value})['value']\n  File \"/home/ekikahina/.local/lib/python3.5/site-packages/selenium/webdriver/remote/webdriver.py\", line 321, in execute\n    self.error_handler.check_response(response)\n  File \"/home/ekikahina/.local/lib/python3.5/site-packages/selenium/webdriver/remote/errorhandler.py\", line 242, in check_response\n    raise exception_class(message, screen, stacktrace)\n"}}